2019-04-27 19:09:03,509 [Worker-0: Loading available Gradle versions] INFO  o.e.b.c.i.u.g.PublishedGradleVersions - Gradle version information cache is up-to-date. Trying to read.
2019-04-27 19:10:21,949 [Worker-6: Importing Maven projects] INFO  o.e.m.c.i.l.LifecycleMappingFactory - Using org.maven.ide.eclipse.wtp.WarLifecycleMapping lifecycle mapping for MavenProject: io.github.benas:todolist-web-springmvc:1.0-SNAPSHOT @ C:\Users\parkh\Desktop\todolist-mvc-master\todolist-web-springmvc\pom.xml.
2019-04-27 19:10:21,969 [Worker-6: Importing Maven projects] WARN  o.e.m.c.i.embedder.EclipseLogger - The POM for io.github.benas:todolist-web-common:jar:1.0-SNAPSHOT is missing, no dependency information available
2019-04-27 19:10:22,440 [Worker-6: Importing Maven projects] WARN  o.e.m.c.i.embedder.EclipseLogger - The POM for io.github.benas:todolist-web-common:jar:1.0-SNAPSHOT is missing, no dependency information available
2019-04-27 19:10:24,081 [Worker-6: Importing Maven projects] INFO  o.e.m.j.i.AbstractJavaProjectConfigurator - Adding source folder /todolist-web-springmvc/src/main/java
2019-04-27 19:10:24,128 [Worker-6: Importing Maven projects] INFO  o.e.m.j.i.AbstractJavaProjectConfigurator - Adding source folder /todolist-web-springmvc/src/test/java
2019-04-27 19:10:24,471 [Worker-6: Importing Maven projects] INFO  o.e.m.c.i.p.ProjectConfigurationManager - Imported and configured 1 project(s) in 4 sec
2019-04-27 19:10:25,975 [Worker-2: Building workspace] WARN  o.e.m.c.i.embedder.EclipseLogger - The POM for io.github.benas:todolist-web-common:jar:1.0-SNAPSHOT is missing, no dependency information available
2019-04-27 19:10:26,162 [Worker-2: Building workspace] INFO  o.e.m.c.i.embedder.EclipseLogger - Using 'UTF-8' encoding to copy filtered resources.
2019-04-27 19:10:26,164 [Worker-2: Building workspace] INFO  o.e.m.c.i.embedder.EclipseLogger - skip non existing resourceDirectory C:\Users\parkh\Desktop\todolist-mvc-master\todolist-web-springmvc\src\main\resources
2019-04-27 19:10:26,166 [Worker-2: Building workspace] INFO  o.e.m.c.i.embedder.EclipseLogger - Using 'UTF-8' encoding to copy filtered resources.
2019-04-27 19:10:26,166 [Worker-2: Building workspace] INFO  o.e.m.c.i.embedder.EclipseLogger - skip non existing resourceDirectory C:\Users\parkh\Desktop\todolist-mvc-master\todolist-web-springmvc\src\test\resources
2019-04-27 19:11:54,596 [Worker-12: Importing Maven projects] INFO  o.e.m.c.i.l.LifecycleMappingFactory - Using NULL lifecycle mapping for MavenProject: io.github.benas:todolist-mvc:1.0-SNAPSHOT @ C:\Users\parkh\Desktop\todolist-mvc-master\pom.xml.
2019-04-27 19:11:55,424 [Worker-12: Importing Maven projects] INFO  o.e.m.c.i.l.LifecycleMappingFactory - Using org.eclipse.m2e.jdt.JarLifecycleMapping lifecycle mapping for MavenProject: io.github.benas:todolist-core:1.0-SNAPSHOT @ C:\Users\parkh\Desktop\todolist-mvc-master\todolist-core\pom.xml.
2019-04-27 19:11:55,792 [Worker-12: Importing Maven projects] INFO  o.e.m.c.i.l.LifecycleMappingFactory - Using org.eclipse.m2e.jdt.JarLifecycleMapping lifecycle mapping for MavenProject: io.github.benas:todolist-web-common:1.0-SNAPSHOT @ C:\Users\parkh\Desktop\todolist-mvc-master\todolist-web-common\pom.xml.
2019-04-27 19:11:55,835 [Worker-12: Importing Maven projects] INFO  o.e.m.c.i.p.WorkspaceClassifierResolverManager - Resolving P/todolist-core: io.github.benas:todolist-core:1.0-SNAPSHOT with classifier  to /todolist-core/target/classes
2019-04-27 19:11:55,998 [Worker-12: Importing Maven projects] INFO  o.e.m.c.i.l.LifecycleMappingFactory - Using org.maven.ide.eclipse.wtp.WarLifecycleMapping lifecycle mapping for MavenProject: io.github.benas:todolist-web-tapestry:1.0-SNAPSHOT @ C:\Users\parkh\Desktop\todolist-mvc-master\todolist-web-tapestry\pom.xml.
2019-04-27 19:11:56,152 [Worker-12: Importing Maven projects] INFO  o.e.m.c.i.p.WorkspaceClassifierResolverManager - Resolving P/todolist-web-common: io.github.benas:todolist-web-common:1.0-SNAPSHOT with classifier  to /todolist-web-common/target/classes
2019-04-27 19:11:56,152 [Worker-12: Importing Maven projects] INFO  o.e.m.c.i.p.WorkspaceClassifierResolverManager - Resolving P/todolist-core: io.github.benas:todolist-core:1.0-SNAPSHOT with classifier  to /todolist-core/target/classes
2019-04-27 19:11:56,434 [Worker-12: Importing Maven projects] INFO  o.e.m.c.i.l.LifecycleMappingFactory - Using org.maven.ide.eclipse.wtp.WarLifecycleMapping lifecycle mapping for MavenProject: io.github.benas:todolist-web-struts:1.0-SNAPSHOT @ C:\Users\parkh\Desktop\todolist-mvc-master\todolist-web-struts\pom.xml.
2019-04-27 19:11:56,523 [Worker-12: Importing Maven projects] INFO  o.e.m.c.i.p.WorkspaceClassifierResolverManager - Resolving P/todolist-web-common: io.github.benas:todolist-web-common:1.0-SNAPSHOT with classifier  to /todolist-web-common/target/classes
2019-04-27 19:11:56,523 [Worker-12: Importing Maven projects] INFO  o.e.m.c.i.p.WorkspaceClassifierResolverManager - Resolving P/todolist-core: io.github.benas:todolist-core:1.0-SNAPSHOT with classifier  to /todolist-core/target/classes
2019-04-27 19:11:56,772 [Worker-12: Importing Maven projects] INFO  o.e.m.c.i.l.LifecycleMappingFactory - Using org.maven.ide.eclipse.wtp.WarLifecycleMapping lifecycle mapping for MavenProject: io.github.benas:todolist-web-servlet-jsp:1.0-SNAPSHOT @ C:\Users\parkh\Desktop\todolist-mvc-master\todolist-web-servlet-jsp\pom.xml.
2019-04-27 19:11:56,781 [Worker-12: Importing Maven projects] INFO  o.e.m.c.i.p.WorkspaceClassifierResolverManager - Resolving P/todolist-web-common: io.github.benas:todolist-web-common:1.0-SNAPSHOT with classifier  to /todolist-web-common/target/classes
2019-04-27 19:11:56,787 [Worker-12: Importing Maven projects] INFO  o.e.m.c.i.p.WorkspaceClassifierResolverManager - Resolving P/todolist-core: io.github.benas:todolist-core:1.0-SNAPSHOT with classifier  to /todolist-core/target/classes
2019-04-27 19:11:57,012 [Worker-12: Importing Maven projects] INFO  o.e.m.c.i.l.LifecycleMappingFactory - Using org.maven.ide.eclipse.wtp.WarLifecycleMapping lifecycle mapping for MavenProject: io.github.benas:todolist-web-springmvc:1.0-SNAPSHOT @ C:\Users\parkh\Desktop\todolist-mvc-master\todolist-web-springmvc\pom.xml.
2019-04-27 19:11:57,032 [Worker-12: Importing Maven projects] INFO  o.e.m.c.i.p.WorkspaceClassifierResolverManager - Resolving P/todolist-web-common: io.github.benas:todolist-web-common:1.0-SNAPSHOT with classifier  to /todolist-web-common/target/classes
2019-04-27 19:11:57,032 [Worker-12: Importing Maven projects] INFO  o.e.m.c.i.p.WorkspaceClassifierResolverManager - Resolving P/todolist-core: io.github.benas:todolist-core:1.0-SNAPSHOT with classifier  to /todolist-core/target/classes
2019-04-27 19:11:57,896 [Worker-12: Importing Maven projects] INFO  o.e.m.c.i.p.WorkspaceClassifierResolverManager - Resolving P/todolist-web-common: io.github.benas:todolist-web-common:1.0-SNAPSHOT with classifier  to /todolist-web-common/target/classes
2019-04-27 19:11:57,896 [Worker-12: Importing Maven projects] INFO  o.e.m.c.i.p.WorkspaceClassifierResolverManager - Resolving P/todolist-core: io.github.benas:todolist-core:1.0-SNAPSHOT with classifier  to /todolist-core/target/classes
2019-04-27 19:11:58,220 [Worker-12: Importing Maven projects] INFO  o.e.m.c.i.p.WorkspaceClassifierResolverManager - Resolving P/todolist-web-common: io.github.benas:todolist-web-common:1.0-SNAPSHOT with classifier  to /todolist-web-common/target/classes
2019-04-27 19:11:58,220 [Worker-12: Importing Maven projects] INFO  o.e.m.c.i.p.WorkspaceClassifierResolverManager - Resolving P/todolist-core: io.github.benas:todolist-core:1.0-SNAPSHOT with classifier  to /todolist-core/target/classes
2019-04-27 19:11:58,490 [Worker-12: Importing Maven projects] INFO  o.e.m.c.i.p.WorkspaceClassifierResolverManager - Resolving P/todolist-web-common: io.github.benas:todolist-web-common:1.0-SNAPSHOT with classifier  to /todolist-web-common/target/classes
2019-04-27 19:11:58,498 [Worker-12: Importing Maven projects] INFO  o.e.m.c.i.p.WorkspaceClassifierResolverManager - Resolving P/todolist-core: io.github.benas:todolist-core:1.0-SNAPSHOT with classifier  to /todolist-core/target/classes
2019-04-27 19:11:58,785 [Worker-12: Importing Maven projects] INFO  o.e.m.c.i.p.WorkspaceClassifierResolverManager - Resolving P/todolist-web-common: io.github.benas:todolist-web-common:1.0-SNAPSHOT with classifier  to /todolist-web-common/target/classes
2019-04-27 19:11:58,786 [Worker-12: Importing Maven projects] INFO  o.e.m.c.i.p.WorkspaceClassifierResolverManager - Resolving P/todolist-core: io.github.benas:todolist-core:1.0-SNAPSHOT with classifier  to /todolist-core/target/classes
2019-04-27 19:12:00,681 [Worker-12: Importing Maven projects] INFO  o.e.m.j.i.AbstractJavaProjectConfigurator - Adding source folder /todolist-core/src/main/java
2019-04-27 19:12:00,681 [Worker-12: Importing Maven projects] INFO  o.e.m.j.i.AbstractJavaProjectConfigurator - Adding resource folder /todolist-core/src/main/resources
2019-04-27 19:12:00,691 [Worker-12: Importing Maven projects] INFO  o.e.m.j.i.AbstractJavaProjectConfigurator - Adding source folder /todolist-core/src/test/java
2019-04-27 19:12:01,072 [Worker-12: Importing Maven projects] INFO  o.e.m.j.i.AbstractJavaProjectConfigurator - Adding source folder /todolist-web-common/src/main/java
2019-04-27 19:12:01,081 [Worker-12: Importing Maven projects] INFO  o.e.m.j.i.AbstractJavaProjectConfigurator - Adding resource folder /todolist-web-common/src/main/resources
2019-04-27 19:12:01,081 [Worker-12: Importing Maven projects] INFO  o.e.m.j.i.AbstractJavaProjectConfigurator - Adding source folder /todolist-web-common/src/test/java
2019-04-27 19:12:01,519 [Worker-12: Importing Maven projects] INFO  o.e.m.j.i.AbstractJavaProjectConfigurator - Adding source folder /todolist-web-tapestry/src/main/java
2019-04-27 19:12:01,519 [Worker-12: Importing Maven projects] INFO  o.e.m.j.i.AbstractJavaProjectConfigurator - Adding resource folder /todolist-web-tapestry/src/main/resources
2019-04-27 19:12:01,528 [Worker-12: Importing Maven projects] INFO  o.e.m.j.i.AbstractJavaProjectConfigurator - Adding source folder /todolist-web-tapestry/src/test/java
2019-04-27 19:12:02,459 [Worker-12: Importing Maven projects] INFO  o.e.m.j.i.AbstractJavaProjectConfigurator - Adding source folder /todolist-web-struts/src/main/java
2019-04-27 19:12:02,460 [Worker-12: Importing Maven projects] INFO  o.e.m.j.i.AbstractJavaProjectConfigurator - Adding resource folder /todolist-web-struts/src/main/resources
2019-04-27 19:12:02,460 [Worker-12: Importing Maven projects] INFO  o.e.m.j.i.AbstractJavaProjectConfigurator - Adding source folder /todolist-web-struts/src/test/java
2019-04-27 19:12:02,997 [Worker-12: Importing Maven projects] INFO  o.e.m.j.i.AbstractJavaProjectConfigurator - Adding source folder /todolist-web-servlet-jsp/src/main/java
2019-04-27 19:12:03,006 [Worker-12: Importing Maven projects] INFO  o.e.m.j.i.AbstractJavaProjectConfigurator - Adding source folder /todolist-web-servlet-jsp/src/test/java
2019-04-27 19:12:03,420 [Worker-12: Importing Maven projects] INFO  o.e.m.c.i.p.ProjectConfigurationManager - Imported and configured 6 project(s) in 9 sec
2019-04-27 19:12:06,479 [Worker-10: Building workspace] INFO  o.e.m.c.i.embedder.EclipseLogger - Using 'UTF-8' encoding to copy filtered resources.
2019-04-27 19:12:06,499 [Worker-10: Building workspace] INFO  o.e.m.c.i.embedder.EclipseLogger - Copying 8 resources
2019-04-27 19:12:06,606 [Worker-10: Building workspace] INFO  o.e.m.c.i.embedder.EclipseLogger - Using 'UTF-8' encoding to copy filtered resources.
2019-04-27 19:12:06,612 [Worker-10: Building workspace] INFO  o.e.m.c.i.embedder.EclipseLogger - skip non existing resourceDirectory C:\Users\parkh\Desktop\todolist-mvc-master\todolist-core\src\test\resources
2019-04-27 19:12:07,568 [Worker-10: Building workspace] INFO  o.e.m.c.i.p.WorkspaceClassifierResolverManager - Resolving P/todolist-core: io.github.benas:todolist-core:1.0-SNAPSHOT with classifier  to /todolist-core/target/classes
2019-04-27 19:12:07,677 [Worker-10: Building workspace] INFO  o.e.m.c.i.embedder.EclipseLogger - Using 'UTF-8' encoding to copy filtered resources.
2019-04-27 19:12:07,744 [Worker-10: Building workspace] INFO  o.e.m.c.i.embedder.EclipseLogger - Copying 3 resources
2019-04-27 19:12:07,953 [Worker-10: Building workspace] INFO  o.e.m.c.i.embedder.EclipseLogger - Using 'UTF-8' encoding to copy filtered resources.
2019-04-27 19:12:07,953 [Worker-10: Building workspace] INFO  o.e.m.c.i.embedder.EclipseLogger - skip non existing resourceDirectory C:\Users\parkh\Desktop\todolist-mvc-master\todolist-web-common\src\test\resources
2019-04-27 19:12:09,090 [Worker-10: Building workspace] INFO  o.e.m.c.i.p.WorkspaceClassifierResolverManager - Resolving P/todolist-web-common: io.github.benas:todolist-web-common:1.0-SNAPSHOT with classifier  to /todolist-web-common/target/classes
2019-04-27 19:12:09,093 [Worker-10: Building workspace] INFO  o.e.m.c.i.p.WorkspaceClassifierResolverManager - Resolving P/todolist-core: io.github.benas:todolist-core:1.0-SNAPSHOT with classifier  to /todolist-core/target/classes
2019-04-27 19:12:09,200 [Worker-10: Building workspace] INFO  o.e.m.c.i.embedder.EclipseLogger - Using 'UTF-8' encoding to copy filtered resources.
2019-04-27 19:12:09,223 [Worker-10: Building workspace] INFO  o.e.m.c.i.embedder.EclipseLogger - skip non existing resourceDirectory C:\Users\parkh\Desktop\todolist-mvc-master\todolist-web-servlet-jsp\src\main\resources
2019-04-27 19:12:09,247 [Worker-10: Building workspace] INFO  o.e.m.c.i.embedder.EclipseLogger - Using 'UTF-8' encoding to copy filtered resources.
2019-04-27 19:12:09,247 [Worker-10: Building workspace] INFO  o.e.m.c.i.embedder.EclipseLogger - skip non existing resourceDirectory C:\Users\parkh\Desktop\todolist-mvc-master\todolist-web-servlet-jsp\src\test\resources
2019-04-27 19:12:28,077 [Worker-8: Building workspace] INFO  o.e.m.c.i.embedder.EclipseLogger - Using 'UTF-8' encoding to copy filtered resources.
2019-04-27 19:12:28,077 [Worker-8: Building workspace] INFO  o.e.m.c.i.embedder.EclipseLogger - skip non existing resourceDirectory C:\Users\parkh\Desktop\todolist-mvc-master\todolist-web-servlet-jsp\src\main\resources
2019-04-27 19:12:28,087 [Worker-8: Building workspace] INFO  o.e.m.c.i.embedder.EclipseLogger - Using 'UTF-8' encoding to copy filtered resources.
2019-04-27 19:12:28,096 [Worker-8: Building workspace] INFO  o.e.m.c.i.embedder.EclipseLogger - skip non existing resourceDirectory C:\Users\parkh\Desktop\todolist-mvc-master\todolist-web-servlet-jsp\src\test\resources
2019-04-27 19:12:28,337 [Worker-8: Building workspace] INFO  o.e.m.c.i.p.WorkspaceClassifierResolverManager - Resolving P/todolist-web-common: io.github.benas:todolist-web-common:1.0-SNAPSHOT with classifier  to /todolist-web-common/target/classes
2019-04-27 19:12:28,337 [Worker-8: Building workspace] INFO  o.e.m.c.i.p.WorkspaceClassifierResolverManager - Resolving P/todolist-core: io.github.benas:todolist-core:1.0-SNAPSHOT with classifier  to /todolist-core/target/classes
2019-04-27 19:12:28,378 [Worker-8: Building workspace] INFO  o.e.m.c.i.embedder.EclipseLogger - Using 'UTF-8' encoding to copy filtered resources.
2019-04-27 19:12:28,379 [Worker-8: Building workspace] INFO  o.e.m.c.i.embedder.EclipseLogger - skip non existing resourceDirectory C:\Users\parkh\Desktop\todolist-mvc-master\todolist-web-springmvc\src\main\resources
2019-04-27 19:12:28,381 [Worker-8: Building workspace] INFO  o.e.m.c.i.embedder.EclipseLogger - Using 'UTF-8' encoding to copy filtered resources.
2019-04-27 19:12:28,382 [Worker-8: Building workspace] INFO  o.e.m.c.i.embedder.EclipseLogger - skip non existing resourceDirectory C:\Users\parkh\Desktop\todolist-mvc-master\todolist-web-springmvc\src\test\resources
2019-04-27 19:12:28,829 [Worker-8: Building workspace] INFO  o.e.m.c.i.p.WorkspaceClassifierResolverManager - Resolving P/todolist-web-common: io.github.benas:todolist-web-common:1.0-SNAPSHOT with classifier  to /todolist-web-common/target/classes
2019-04-27 19:12:28,829 [Worker-8: Building workspace] INFO  o.e.m.c.i.p.WorkspaceClassifierResolverManager - Resolving P/todolist-core: io.github.benas:todolist-core:1.0-SNAPSHOT with classifier  to /todolist-core/target/classes
2019-04-27 19:12:28,864 [Worker-8: Building workspace] INFO  o.e.m.c.i.embedder.EclipseLogger - Using 'UTF-8' encoding to copy filtered resources.
2019-04-27 19:12:28,864 [Worker-8: Building workspace] INFO  o.e.m.c.i.embedder.EclipseLogger - Copying 2 resources
2019-04-27 19:12:28,889 [Worker-8: Building workspace] INFO  o.e.m.c.i.embedder.EclipseLogger - Using 'UTF-8' encoding to copy filtered resources.
2019-04-27 19:12:28,889 [Worker-8: Building workspace] INFO  o.e.m.c.i.embedder.EclipseLogger - skip non existing resourceDirectory C:\Users\parkh\Desktop\todolist-mvc-master\todolist-web-struts\src\test\resources
2019-04-27 19:12:29,476 [Worker-8: Building workspace] INFO  o.e.m.c.i.p.WorkspaceClassifierResolverManager - Resolving P/todolist-web-common: io.github.benas:todolist-web-common:1.0-SNAPSHOT with classifier  to /todolist-web-common/target/classes
2019-04-27 19:12:29,476 [Worker-8: Building workspace] INFO  o.e.m.c.i.p.WorkspaceClassifierResolverManager - Resolving P/todolist-core: io.github.benas:todolist-core:1.0-SNAPSHOT with classifier  to /todolist-core/target/classes
2019-04-27 19:12:29,507 [Worker-8: Building workspace] INFO  o.e.m.c.i.embedder.EclipseLogger - Using 'UTF-8' encoding to copy filtered resources.
2019-04-27 19:12:29,508 [Worker-8: Building workspace] INFO  o.e.m.c.i.embedder.EclipseLogger - Copying 15 resources
2019-04-27 19:12:29,669 [Worker-8: Building workspace] INFO  o.e.m.c.i.embedder.EclipseLogger - Using 'UTF-8' encoding to copy filtered resources.
2019-04-27 19:12:29,669 [Worker-8: Building workspace] INFO  o.e.m.c.i.embedder.EclipseLogger - skip non existing resourceDirectory C:\Users\parkh\Desktop\todolist-mvc-master\todolist-web-tapestry\src\test\resources
2019-04-27 19:20:26,244 [Worker-9: Building workspace] INFO  o.e.m.c.i.embedder.EclipseLogger - Using 'UTF-8' encoding to copy filtered resources.
2019-04-27 19:20:26,246 [Worker-9: Building workspace] INFO  o.e.m.c.i.embedder.EclipseLogger - Copying 0 resource
2019-04-27 19:20:26,258 [Worker-9: Building workspace] INFO  o.e.m.c.i.embedder.EclipseLogger - Using 'UTF-8' encoding to copy filtered resources.
2019-04-27 19:20:26,267 [Worker-9: Building workspace] INFO  o.e.m.c.i.embedder.EclipseLogger - skip non existing resourceDirectory C:\Users\parkh\Desktop\todolist-mvc-master\todolist-core\src\test\resources
2019-04-27 19:20:26,384 [Worker-9: Building workspace] INFO  o.e.m.c.i.p.WorkspaceClassifierResolverManager - Resolving P/todolist-core: io.github.benas:todolist-core:1.0-SNAPSHOT with classifier  to /todolist-core/target/classes
2019-04-27 19:20:26,404 [Worker-9: Building workspace] INFO  o.e.m.c.i.embedder.EclipseLogger - Using 'UTF-8' encoding to copy filtered resources.
2019-04-27 19:20:26,405 [Worker-9: Building workspace] INFO  o.e.m.c.i.embedder.EclipseLogger - Copying 0 resource
2019-04-27 19:20:26,406 [Worker-9: Building workspace] INFO  o.e.m.c.i.embedder.EclipseLogger - Using 'UTF-8' encoding to copy filtered resources.
2019-04-27 19:20:26,415 [Worker-9: Building workspace] INFO  o.e.m.c.i.embedder.EclipseLogger - skip non existing resourceDirectory C:\Users\parkh\Desktop\todolist-mvc-master\todolist-web-common\src\test\resources
2019-04-27 19:20:26,551 [Worker-9: Building workspace] INFO  o.e.m.c.i.p.WorkspaceClassifierResolverManager - Resolving P/todolist-web-common: io.github.benas:todolist-web-common:1.0-SNAPSHOT with classifier  to /todolist-web-common/target/classes
2019-04-27 19:20:26,556 [Worker-9: Building workspace] INFO  o.e.m.c.i.p.WorkspaceClassifierResolverManager - Resolving P/todolist-core: io.github.benas:todolist-core:1.0-SNAPSHOT with classifier  to /todolist-core/target/classes
2019-04-27 19:20:26,583 [Worker-9: Building workspace] INFO  o.e.m.c.i.embedder.EclipseLogger - Using 'UTF-8' encoding to copy filtered resources.
2019-04-27 19:20:26,591 [Worker-9: Building workspace] INFO  o.e.m.c.i.embedder.EclipseLogger - skip non existing resourceDirectory C:\Users\parkh\Desktop\todolist-mvc-master\todolist-web-servlet-jsp\src\main\resources
2019-04-27 19:20:26,593 [Worker-9: Building workspace] INFO  o.e.m.c.i.embedder.EclipseLogger - Using 'UTF-8' encoding to copy filtered resources.
2019-04-27 19:20:26,594 [Worker-9: Building workspace] INFO  o.e.m.c.i.embedder.EclipseLogger - skip non existing resourceDirectory C:\Users\parkh\Desktop\todolist-mvc-master\todolist-web-servlet-jsp\src\test\resources
2019-04-27 19:20:26,732 [Worker-9: Building workspace] INFO  o.e.m.c.i.p.WorkspaceClassifierResolverManager - Resolving P/todolist-web-common: io.github.benas:todolist-web-common:1.0-SNAPSHOT with classifier  to /todolist-web-common/target/classes
2019-04-27 19:20:26,737 [Worker-9: Building workspace] INFO  o.e.m.c.i.p.WorkspaceClassifierResolverManager - Resolving P/todolist-core: io.github.benas:todolist-core:1.0-SNAPSHOT with classifier  to /todolist-core/target/classes
2019-04-27 19:20:26,775 [Worker-9: Building workspace] INFO  o.e.m.c.i.embedder.EclipseLogger - Using 'UTF-8' encoding to copy filtered resources.
2019-04-27 19:20:26,775 [Worker-9: Building workspace] INFO  o.e.m.c.i.embedder.EclipseLogger - skip non existing resourceDirectory C:\Users\parkh\Desktop\todolist-mvc-master\todolist-web-springmvc\src\main\resources
2019-04-27 19:20:26,776 [Worker-9: Building workspace] INFO  o.e.m.c.i.embedder.EclipseLogger - Using 'UTF-8' encoding to copy filtered resources.
2019-04-27 19:20:26,786 [Worker-9: Building workspace] INFO  o.e.m.c.i.embedder.EclipseLogger - skip non existing resourceDirectory C:\Users\parkh\Desktop\todolist-mvc-master\todolist-web-springmvc\src\test\resources
2019-04-27 19:20:26,991 [Worker-9: Building workspace] INFO  o.e.m.c.i.p.WorkspaceClassifierResolverManager - Resolving P/todolist-web-common: io.github.benas:todolist-web-common:1.0-SNAPSHOT with classifier  to /todolist-web-common/target/classes
2019-04-27 19:20:26,991 [Worker-9: Building workspace] INFO  o.e.m.c.i.p.WorkspaceClassifierResolverManager - Resolving P/todolist-core: io.github.benas:todolist-core:1.0-SNAPSHOT with classifier  to /todolist-core/target/classes
2019-04-27 19:20:27,022 [Worker-9: Building workspace] INFO  o.e.m.c.i.embedder.EclipseLogger - Using 'UTF-8' encoding to copy filtered resources.
2019-04-27 19:20:27,031 [Worker-9: Building workspace] INFO  o.e.m.c.i.embedder.EclipseLogger - Copying 0 resource
2019-04-27 19:20:27,033 [Worker-9: Building workspace] INFO  o.e.m.c.i.embedder.EclipseLogger - Using 'UTF-8' encoding to copy filtered resources.
2019-04-27 19:20:27,034 [Worker-9: Building workspace] INFO  o.e.m.c.i.embedder.EclipseLogger - skip non existing resourceDirectory C:\Users\parkh\Desktop\todolist-mvc-master\todolist-web-struts\src\test\resources
2019-04-27 19:20:27,248 [Worker-9: Building workspace] INFO  o.e.m.c.i.p.WorkspaceClassifierResolverManager - Resolving P/todolist-web-common: io.github.benas:todolist-web-common:1.0-SNAPSHOT with classifier  to /todolist-web-common/target/classes
2019-04-27 19:20:27,248 [Worker-9: Building workspace] INFO  o.e.m.c.i.p.WorkspaceClassifierResolverManager - Resolving P/todolist-core: io.github.benas:todolist-core:1.0-SNAPSHOT with classifier  to /todolist-core/target/classes
2019-04-27 19:20:27,286 [Worker-9: Building workspace] INFO  o.e.m.c.i.embedder.EclipseLogger - Using 'UTF-8' encoding to copy filtered resources.
2019-04-27 19:20:27,287 [Worker-9: Building workspace] INFO  o.e.m.c.i.embedder.EclipseLogger - Copying 0 resource
2019-04-27 19:20:27,288 [Worker-9: Building workspace] INFO  o.e.m.c.i.embedder.EclipseLogger - Using 'UTF-8' encoding to copy filtered resources.
2019-04-27 19:20:27,294 [Worker-9: Building workspace] INFO  o.e.m.c.i.embedder.EclipseLogger - skip non existing resourceDirectory C:\Users\parkh\Desktop\todolist-mvc-master\todolist-web-tapestry\src\test\resources
